Starting Nmap 7.80 ( https://nmap.org ) at 2022-05-17 18:22 +03
NSE: Loaded 151 scripts for scanning.
NSE: Script Pre-scanning.
NSE: Starting runlevel 1 (of 3) scan.
Initiating NSE at 18:22
Completed NSE at 18:22, 0.00s elapsed
NSE: Starting runlevel 2 (of 3) scan.
Initiating NSE at 18:22
Completed NSE at 18:22, 0.00s elapsed
NSE: Starting runlevel 3 (of 3) scan.
Initiating NSE at 18:22
Completed NSE at 18:22, 0.00s elapsed
Initiating Ping Scan at 18:22
Scanning 10.129.21.210 [4 ports]
Completed Ping Scan at 18:22, 0.13s elapsed (1 total hosts)
Initiating Parallel DNS resolution of 1 host. at 18:22
Completed Parallel DNS resolution of 1 host. at 18:22, 0.04s elapsed
DNS resolution of 1 IPs took 0.04s. Mode: Async [#: 1, OK: 0, NX: 1, DR: 0, SF: 0, TR: 1, CN: 0]
Initiating SYN Stealth Scan at 18:22
Scanning 10.129.21.210 [1000 ports]
Discovered open port 80/tcp on 10.129.21.210
Discovered open port 22/tcp on 10.129.21.210
Discovered open port 21/tcp on 10.129.21.210
Increasing send delay for 10.129.21.210 from 0 to 5 due to 272 out of 905 dropped probes since last increase.
Increasing send delay for 10.129.21.210 from 5 to 10 due to max_successful_tryno increase to 4
Increasing send delay for 10.129.21.210 from 10 to 20 due to max_successful_tryno increase to 5
Completed SYN Stealth Scan at 18:22, 15.94s elapsed (1000 total ports)
Initiating Service scan at 18:22
Scanning 3 services on 10.129.21.210
Completed Service scan at 18:23, 7.35s elapsed (3 services on 1 host)
NSE: Script scanning 10.129.21.210.
NSE: Starting runlevel 1 (of 3) scan.
Initiating NSE at 18:23
NSE: [ftp-bounce 10.129.21.210:21] PORT response: 500 Illegal PORT command.
Completed NSE at 18:23, 3.98s elapsed
NSE: Starting runlevel 2 (of 3) scan.
Initiating NSE at 18:23
Completed NSE at 18:23, 0.71s elapsed
NSE: Starting runlevel 3 (of 3) scan.
Initiating NSE at 18:23
Completed NSE at 18:23, 0.00s elapsed
Nmap scan report for 10.129.21.210
Host is up, received reset ttl 63 (0.25s latency).
Scanned at 2022-05-17 18:22:36 +03 for 28s
Not shown: 997 closed ports
Reason: 997 resets
PORT   STATE SERVICE REASON         VERSION
21/tcp open  ftp     syn-ack ttl 63 vsftpd 3.0.3
| ftp-anon: Anonymous FTP login allowed (FTP code 230)
|_-rwxr-xr-x    1 0        0            2533 Apr 13  2021 backup.zip
| ftp-syst: 
|   STAT: 
| FTP server status:
|      Connected to ::ffff:10.10.14.147
|      Logged in as ftpuser
|      TYPE: ASCII
|      No session bandwidth limit
|      Session timeout in seconds is 300
|      Control connection is plain text
|      Data connections will be plain text
|      At session startup, client count was 4
|      vsFTPd 3.0.3 - secure, fast, stable
|_End of status
22/tcp open  ssh     syn-ack ttl 63 OpenSSH 8.0p1 Ubuntu 6ubuntu0.1 (Ubuntu Linux; protocol 2.0)
| ssh-hostkey: 
|   3072 c0:ee:58:07:75:34:b0:0b:91:65:b2:59:56:95:27:a4 (RSA)
| ssh-rsa AAAAB3NzaC1yc2EAAAADAQABAAABgQCzC28uKxt9pqJ4fLYmq/X5t7p44L+bUFQIDeEab29kDPnKdFOa9ijB5C5APVxLaAXVYSXATPYUqjIEWU98Vvvol1zuc82+KG9KfX94pD8TaPY2MZnoi9TfSxgwmKpmiRWR4DwwMS+mNo+WBU3sjB2QjgNip2vbiHxMitKeIfDLLFYiLKhc1eBRtooZ6DJzXQOMFp5QhSbZygWqebpFcsrmFnz9QWhx4MekbUnUVPKwCunycLi1pjrsmOAekbGz3/5R3H5tFSck915iqyc8bSkBZgRwW3FDJAXFmFgHG9fX727HsXFk8MXmVRMuH1LxGjvn1q3j27bb22QzprS7t9bJciWfwgt1sl57S0Q+iFbku83NgAFxUG373nspOHn08DwMllCyeLOG3Oy3x9zcCxMGATopiPckt8lb1GCWIvLPSNHMW12OyCKGM+AmLu4q9z7zX1YOUM6oxfn3qZVLKSZJ/DJu+aifv2BVNu/zJU2wdk1vFxysmQ4roj5O5I+H9x0=
|   256 ac:6e:81:18:89:22:d7:a7:41:7d:81:4f:1b:b8:b2:51 (ECDSA)
| ecdsa-sha2-nistp256 AAAAE2VjZHNhLXNoYTItbmlzdHAyNTYAAAAIbmlzdHAyNTYAAABBBNsSORVFGkIbgItDm/mxmyPhpsIJihXV8y4CQiMTWGdEVQatXNIlXX0yGLZ4JFtPEX9rOGAp/eLZc0mGJtDyuyQ=
|   256 42:5b:c3:21:df:ef:a2:0b:c9:5e:03:42:1d:69:d0:28 (ED25519)
|_ssh-ed25519 AAAAC3NzaC1lZDI1NTE5AAAAIMXvk132UscLPAfaZyZ2Av54rpw9cP31OrloBE9v3SLW
80/tcp open  http    syn-ack ttl 63 Apache httpd 2.4.41 ((Ubuntu))
| http-cookie-flags: 
|   /: 
|     PHPSESSID: 
|_      httponly flag not set
| http-methods: 
|_  Supported Methods: GET HEAD POST OPTIONS
|_http-server-header: Apache/2.4.41 (Ubuntu)
|_http-title: MegaCorp Login
Service Info: OSs: Unix, Linux; CPE: cpe:/o:linux:linux_kernel

NSE: Script Post-scanning.
NSE: Starting runlevel 1 (of 3) scan.
Initiating NSE at 18:23
Completed NSE at 18:23, 0.00s elapsed
NSE: Starting runlevel 2 (of 3) scan.
Initiating NSE at 18:23
Completed NSE at 18:23, 0.00s elapsed
NSE: Starting runlevel 3 (of 3) scan.
Initiating NSE at 18:23
Completed NSE at 18:23, 0.00s elapsed
Read data files from: /usr/bin/../share/nmap
Service detection performed. Please report any incorrect results at https://nmap.org/submit/ .
Nmap done: 1 IP address (1 host up) scanned in 29.70 seconds
           Raw packets sent: 1514 (66.592KB) | Rcvd: 1053 (42.132KB)

