Starting Nmap 7.80 ( https://nmap.org ) at 2022-05-18 02:55 +03
NSE: Loaded 151 scripts for scanning.
NSE: Script Pre-scanning.
NSE: Starting runlevel 1 (of 3) scan.
Initiating NSE at 02:55
Completed NSE at 02:55, 0.00s elapsed
NSE: Starting runlevel 2 (of 3) scan.
Initiating NSE at 02:55
Completed NSE at 02:55, 0.00s elapsed
NSE: Starting runlevel 3 (of 3) scan.
Initiating NSE at 02:55
Completed NSE at 02:55, 0.00s elapsed
Initiating Ping Scan at 02:55
Scanning 10.129.149.243 [4 ports]
Completed Ping Scan at 02:55, 0.22s elapsed (1 total hosts)
Initiating Parallel DNS resolution of 1 host. at 02:55
Completed Parallel DNS resolution of 1 host. at 02:55, 0.03s elapsed
DNS resolution of 1 IPs took 0.03s. Mode: Async [#: 1, OK: 0, NX: 1, DR: 0, SF: 0, TR: 1, CN: 0]
Initiating SYN Stealth Scan at 02:55
Scanning 10.129.149.243 [1000 ports]
Discovered open port 8080/tcp on 10.129.149.243
Discovered open port 22/tcp on 10.129.149.243
Discovered open port 6789/tcp on 10.129.149.243
Increasing send delay for 10.129.149.243 from 0 to 5 due to 95 out of 316 dropped probes since last increase.
Discovered open port 8443/tcp on 10.129.149.243
Completed SYN Stealth Scan at 02:55, 11.76s elapsed (1000 total ports)
Initiating Service scan at 02:55
Scanning 4 services on 10.129.149.243
Completed Service scan at 02:58, 166.75s elapsed (4 services on 1 host)
NSE: Script scanning 10.129.149.243.
NSE: Starting runlevel 1 (of 3) scan.
Initiating NSE at 02:58
Completed NSE at 02:58, 14.75s elapsed
NSE: Starting runlevel 2 (of 3) scan.
Initiating NSE at 02:58
Completed NSE at 02:58, 1.33s elapsed
NSE: Starting runlevel 3 (of 3) scan.
Initiating NSE at 02:58
Completed NSE at 02:58, 0.00s elapsed
Nmap scan report for 10.129.149.243
Host is up, received echo-reply ttl 63 (0.13s latency).
Scanned at 2022-05-18 02:55:35 +03 for 195s
Not shown: 996 closed ports
Reason: 996 resets
PORT     STATE SERVICE         REASON         VERSION
22/tcp   open  ssh             syn-ack ttl 63 OpenSSH 8.2p1 Ubuntu 4ubuntu0.3 (Ubuntu Linux; protocol 2.0)
6789/tcp open  ibm-db2-admin?  syn-ack ttl 63
8080/tcp open  http-proxy      syn-ack ttl 63
| fingerprint-strings: 
|   FourOhFourRequest: 
|     HTTP/1.1 404 
|     Content-Type: text/html;charset=utf-8
|     Content-Language: en
|     Content-Length: 431
|     Date: Tue, 17 May 2022 23:55:54 GMT
|     Connection: close
|     <!doctype html><html lang="en"><head><title>HTTP Status 404 
|     Found</title><style type="text/css">body {font-family:Tahoma,Arial,sans-serif;} h1, h2, h3, b {color:white;background-color:#525D76;} h1 {font-size:22px;} h2 {font-size:16px;} h3 {font-size:14px;} p {font-size:12px;} a {color:black;} .line {height:1px;background-color:#525D76;border:none;}</style></head><body><h1>HTTP Status 404 
|     Found</h1></body></html>
|   GetRequest, HTTPOptions: 
|     HTTP/1.1 302 
|     Location: http://localhost:8080/manage
|     Content-Length: 0
|     Date: Tue, 17 May 2022 23:55:52 GMT
|     Connection: close
|   RTSPRequest: 
|     HTTP/1.1 400 
|     Content-Type: text/html;charset=utf-8
|     Content-Language: en
|     Content-Length: 435
|     Date: Tue, 17 May 2022 23:55:52 GMT
|     Connection: close
|     <!doctype html><html lang="en"><head><title>HTTP Status 400 
|     Request</title><style type="text/css">body {font-family:Tahoma,Arial,sans-serif;} h1, h2, h3, b {color:white;background-color:#525D76;} h1 {font-size:22px;} h2 {font-size:16px;} h3 {font-size:14px;} p {font-size:12px;} a {color:black;} .line {height:1px;background-color:#525D76;border:none;}</style></head><body><h1>HTTP Status 400 
|     Request</h1></body></html>
|   Socks5: 
|     HTTP/1.1 400 
|     Content-Type: text/html;charset=utf-8
|     Content-Language: en
|     Content-Length: 435
|     Date: Tue, 17 May 2022 23:55:54 GMT
|     Connection: close
|     <!doctype html><html lang="en"><head><title>HTTP Status 400 
|     Request</title><style type="text/css">body {font-family:Tahoma,Arial,sans-serif;} h1, h2, h3, b {color:white;background-color:#525D76;} h1 {font-size:22px;} h2 {font-size:16px;} h3 {font-size:14px;} p {font-size:12px;} a {color:black;} .line {height:1px;background-color:#525D76;border:none;}</style></head><body><h1>HTTP Status 400 
|_    Request</h1></body></html>
| http-methods: 
|_  Supported Methods: GET HEAD POST OPTIONS
|_http-open-proxy: Proxy might be redirecting requests
|_http-title: Did not follow redirect to https://10.129.149.243:8443/manage
8443/tcp open  ssl/nagios-nsca syn-ack ttl 63 Nagios NSCA
| http-methods: 
|_  Supported Methods: GET HEAD POST OPTIONS
| http-title: UniFi Network
|_Requested resource was /manage/account/login?redirect=%2Fmanage
| ssl-cert: Subject: commonName=UniFi/organizationName=Ubiquiti Inc./stateOrProvinceName=New York/countryName=US/localityName=New York/organizationalUnitName=UniFi
| Subject Alternative Name: DNS:UniFi
| Issuer: commonName=UniFi/organizationName=Ubiquiti Inc./stateOrProvinceName=New York/countryName=US/localityName=New York/organizationalUnitName=UniFi
| Public Key type: rsa
| Public Key bits: 2048
| Signature Algorithm: sha256WithRSAEncryption
| Not valid before: 2021-12-30T21:37:24
| Not valid after:  2024-04-03T21:37:24
| MD5:   e6be 8c03 5e12 6827 d1fe 612d dc76 a919
| SHA-1: 111b aa11 9cca 4401 7cec 6e03 dc45 5cfe 65f6 d829
| -----BEGIN CERTIFICATE-----
| MIIDfTCCAmWgAwIBAgIEYc4mlDANBgkqhkiG9w0BAQsFADBrMQswCQYDVQQGEwJV
| UzERMA8GA1UECAwITmV3IFlvcmsxETAPBgNVBAcMCE5ldyBZb3JrMRYwFAYDVQQK
| DA1VYmlxdWl0aSBJbmMuMQ4wDAYDVQQLDAVVbmlGaTEOMAwGA1UEAwwFVW5pRmkw
| HhcNMjExMjMwMjEzNzI0WhcNMjQwNDAzMjEzNzI0WjBrMQswCQYDVQQGEwJVUzER
| MA8GA1UECAwITmV3IFlvcmsxETAPBgNVBAcMCE5ldyBZb3JrMRYwFAYDVQQKDA1V
| YmlxdWl0aSBJbmMuMQ4wDAYDVQQLDAVVbmlGaTEOMAwGA1UEAwwFVW5pRmkwggEi
| MA0GCSqGSIb3DQEBAQUAA4IBDwAwggEKAoIBAQDe9no5CdrT2i5FyDpaZ71+/1y6
| 0WO356cC1Sbbufd1jRzXWom0dipfN7l+i/BI2KLyXPto+p3BVVwbORQe4OwPYnLu
| CGAxZSOAtMieVAV0VpvbO35MJSWrSgf9qY2UAkSV6wMw40jcPI5MtLAS2c4tQYd2
| bfYisnRZ0/ptCnBVTvJ2jzS7cJEgoZx7U1jMy6UkNuasWIGG3Xeyp2jJwuxrGbJb
| aP7jjHHMvZ/TYh9uHq1rQQlDM4bHMRP+bPB2D6wuQIR3Dsd8ztdi0DpfP/QZp2tE
| iavKrLBpUvAc96g2iEaF3b0piqkzUP31ijqc1RZxW2zaGMl2J9iCBm/eerh7AgMB
| AAGjKTAnMBMGA1UdJQQMMAoGCCsGAQUFBwMBMBAGA1UdEQQJMAeCBVVuaUZpMA0G
| CSqGSIb3DQEBCwUAA4IBAQAFvT2p6uA8sUGzz1WKbQjDPTeRM/ghhPCCqhWH3jF6
| 9udW490Mv0mSZS4pBtcttnJ4D5IWnOeYoxoxw7ZAODhzvzcZ3w6RjnDy7WOB9e0/
| 2ky4i+ABn2tfztNWTa2OBLM3bW1X15D3J7CHSGW1BOP2pA7ersOuP0/IV7Jo61Ok
| FbxK5+8qn5ASRDZTeyCI//l5uYVjd19g7yNs850mv4hB8Y0I0PAzTLKVchv+A8VO
| A2DeT8snk1C5L2Jw+WugNwdeyKqmmZRBKfo0KuQz0YG40zxx0SCAKnIXpUSrnlCU
| VwtOH3PmERL30HjgR25E0RePOUepiX8psGR4CGV2U+dg
|_-----END CERTIFICATE-----
1 service unrecognized despite returning data. If you know the service/version, please submit the following fingerprint at https://nmap.org/cgi-bin/submit.cgi?new-service :
SF-Port8080-TCP:V=7.80%I=7%D=5/18%Time=62843609%P=x86_64-pc-linux-gnu%r(Ge
SF:tRequest,84,"HTTP/1\.1\x20302\x20\r\nLocation:\x20http://localhost:8080
SF:/manage\r\nContent-Length:\x200\r\nDate:\x20Tue,\x2017\x20May\x202022\x
SF:2023:55:52\x20GMT\r\nConnection:\x20close\r\n\r\n")%r(HTTPOptions,84,"H
SF:TTP/1\.1\x20302\x20\r\nLocation:\x20http://localhost:8080/manage\r\nCon
SF:tent-Length:\x200\r\nDate:\x20Tue,\x2017\x20May\x202022\x2023:55:52\x20
SF:GMT\r\nConnection:\x20close\r\n\r\n")%r(RTSPRequest,24E,"HTTP/1\.1\x204
SF:00\x20\r\nContent-Type:\x20text/html;charset=utf-8\r\nContent-Language:
SF:\x20en\r\nContent-Length:\x20435\r\nDate:\x20Tue,\x2017\x20May\x202022\
SF:x2023:55:52\x20GMT\r\nConnection:\x20close\r\n\r\n<!doctype\x20html><ht
SF:ml\x20lang=\"en\"><head><title>HTTP\x20Status\x20400\x20\xe2\x80\x93\x2
SF:0Bad\x20Request</title><style\x20type=\"text/css\">body\x20{font-family
SF::Tahoma,Arial,sans-serif;}\x20h1,\x20h2,\x20h3,\x20b\x20{color:white;ba
SF:ckground-color:#525D76;}\x20h1\x20{font-size:22px;}\x20h2\x20{font-size
SF::16px;}\x20h3\x20{font-size:14px;}\x20p\x20{font-size:12px;}\x20a\x20{c
SF:olor:black;}\x20\.line\x20{height:1px;background-color:#525D76;border:n
SF:one;}</style></head><body><h1>HTTP\x20Status\x20400\x20\xe2\x80\x93\x20
SF:Bad\x20Request</h1></body></html>")%r(FourOhFourRequest,24A,"HTTP/1\.1\
SF:x20404\x20\r\nContent-Type:\x20text/html;charset=utf-8\r\nContent-Langu
SF:age:\x20en\r\nContent-Length:\x20431\r\nDate:\x20Tue,\x2017\x20May\x202
SF:022\x2023:55:54\x20GMT\r\nConnection:\x20close\r\n\r\n<!doctype\x20html
SF:><html\x20lang=\"en\"><head><title>HTTP\x20Status\x20404\x20\xe2\x80\x9
SF:3\x20Not\x20Found</title><style\x20type=\"text/css\">body\x20{font-fami
SF:ly:Tahoma,Arial,sans-serif;}\x20h1,\x20h2,\x20h3,\x20b\x20{color:white;
SF:background-color:#525D76;}\x20h1\x20{font-size:22px;}\x20h2\x20{font-si
SF:ze:16px;}\x20h3\x20{font-size:14px;}\x20p\x20{font-size:12px;}\x20a\x20
SF:{color:black;}\x20\.line\x20{height:1px;background-color:#525D76;border
SF::none;}</style></head><body><h1>HTTP\x20Status\x20404\x20\xe2\x80\x93\x
SF:20Not\x20Found</h1></body></html>")%r(Socks5,24E,"HTTP/1\.1\x20400\x20\
SF:r\nContent-Type:\x20text/html;charset=utf-8\r\nContent-Language:\x20en\
SF:r\nContent-Length:\x20435\r\nDate:\x20Tue,\x2017\x20May\x202022\x2023:5
SF:5:54\x20GMT\r\nConnection:\x20close\r\n\r\n<!doctype\x20html><html\x20l
SF:ang=\"en\"><head><title>HTTP\x20Status\x20400\x20\xe2\x80\x93\x20Bad\x2
SF:0Request</title><style\x20type=\"text/css\">body\x20{font-family:Tahoma
SF:,Arial,sans-serif;}\x20h1,\x20h2,\x20h3,\x20b\x20{color:white;backgroun
SF:d-color:#525D76;}\x20h1\x20{font-size:22px;}\x20h2\x20{font-size:16px;}
SF:\x20h3\x20{font-size:14px;}\x20p\x20{font-size:12px;}\x20a\x20{color:bl
SF:ack;}\x20\.line\x20{height:1px;background-color:#525D76;border:none;}</
SF:style></head><body><h1>HTTP\x20Status\x20400\x20\xe2\x80\x93\x20Bad\x20
SF:Request</h1></body></html>");
Service Info: OS: Linux; CPE: cpe:/o:linux:linux_kernel

NSE: Script Post-scanning.
NSE: Starting runlevel 1 (of 3) scan.
Initiating NSE at 02:58
Completed NSE at 02:58, 0.00s elapsed
NSE: Starting runlevel 2 (of 3) scan.
Initiating NSE at 02:58
Completed NSE at 02:58, 0.00s elapsed
NSE: Starting runlevel 3 (of 3) scan.
Initiating NSE at 02:58
Completed NSE at 02:58, 0.00s elapsed
Read data files from: /usr/bin/../share/nmap
Service detection performed. Please report any incorrect results at https://nmap.org/submit/ .
Nmap done: 1 IP address (1 host up) scanned in 196.08 seconds
           Raw packets sent: 1166 (51.280KB) | Rcvd: 1084 (43.364KB)

